<?xml version="1.0" encoding="UTF-8"?>
<!-- Generated by org.testng.reporters.JUnitXMLReporter -->
<testsuite ignored="0" hostname="LAPTOP-SUKUAT4Q" failures="0" tests="6" name="cars" time="27.938" errors="0" timestamp="2024-03-12T16:36:36 IST">
  <testcase classname="testScript.ToRunRollsRoyce" name="p1" time="7.596"/>
  <testcase classname="testScript.ToRunBenz" name="p1" time="9.008"/>
  <testcase classname="testScript.ToRunLamborghini" name="p1" time="15.824"/>
  <testcase classname="testScript.ToRunBugatti" name="p1" time="22.509"/>
  <testcase classname="testScript.ToRunAstonMartin" name="p1" time="25.803"/>
  <testcase classname="testScript.ToRunMaserati" name="p1" time="27.929"/>
</testsuite> <!-- cars -->
