<?xml version="1.0" encoding="UTF-8"?>
<!-- Generated by org.testng.reporters.JUnitXMLReporter -->
<testsuite ignored="0" hostname="LAPTOP-SUKUAT4Q" failures="0" tests="6" name="watches" time="33.157" errors="0" timestamp="2024-03-12T16:36:08 IST">
  <testcase classname="testScript.ToRunGarmin" name="p1" time="14.723"/>
  <testcase classname="testScript.ToRunCasio" name="p1" time="20.397"/>
  <testcase classname="testScript.ToRunRolex" name="p1" time="21.492"/>
  <testcase classname="testScript.ToRunTagHeuer" name="p1" time="30.306"/>
  <testcase classname="testScript.ToRunTitan" name="p1" time="30.536"/>
  <testcase classname="testScript.ToRunTissot" name="p1" time="33.121"/>
</testsuite> <!-- watches -->
