<?xml version="1.0" encoding="UTF-8"?>
<testng-results ignored="0" total="1" passed="1" failed="0" skipped="0">
  <reporter-output>
    <line>
      <![CDATA[DataBAse connection start]]>
    </line>
    <line>
      <![CDATA[User able to open empty browser]]>
    </line>
    <line>
      <![CDATA[User able to open DemoWebShop browser]]>
    </line>
    <line>
      <![CDATA[User is able to land on the DemoWeb shop Home Page]]>
    </line>
    <line>
      <![CDATA[User is able to close the demoWebShop]]>
    </line>
    <line>
      <![CDATA[DataBAse connection Stop]]>
    </line>
  </reporter-output>
  <suite started-at="2024-03-21T14:59:45 IST" name="Default suite" finished-at="2024-03-21T15:00:10 IST" duration-ms="25230">
    <groups>
    </groups>
    <test started-at="2024-03-21T14:59:45 IST" name="Default test" finished-at="2024-03-21T15:00:10 IST" duration-ms="25230">
      <class name="workingWithPOM.program2">
        <test-method is-config="true" signature="beforeSuite()[pri:0, instance:workingWithPOM.program2@6cd28fa7]" started-at="2024-03-21T14:59:45 IST" name="beforeSuite" finished-at="2024-03-21T14:59:45 IST" duration-ms="6" status="PASS">
          <reporter-output>
            <line>
              <![CDATA[DataBAse connection start]]>
            </line>
          </reporter-output>
        </test-method> <!-- beforeSuite -->
        <test-method is-config="true" signature="browserSetUp()[pri:0, instance:workingWithPOM.program2@6cd28fa7]" started-at="2024-03-21T14:59:45 IST" name="browserSetUp" finished-at="2024-03-21T14:59:56 IST" duration-ms="11129" status="PASS">
          <reporter-output>
            <line>
              <![CDATA[User able to open empty browser]]>
            </line>
            <line>
              <![CDATA[User able to open DemoWebShop browser]]>
            </line>
            <line>
              <![CDATA[User is able to land on the DemoWeb shop Home Page]]>
            </line>
          </reporter-output>
        </test-method> <!-- browserSetUp -->
        <test-method signature="searchProduct()[pri:0, instance:workingWithPOM.program2@6cd28fa7]" started-at="2024-03-21T14:59:56 IST" name="searchProduct" finished-at="2024-03-21T15:00:10 IST" duration-ms="13702" status="PASS">
          <reporter-output>
          </reporter-output>
        </test-method> <!-- searchProduct -->
        <test-method is-config="true" signature="ToQuitBrowser()[pri:0, instance:workingWithPOM.program2@6cd28fa7]" started-at="2024-03-21T15:00:10 IST" name="ToQuitBrowser" finished-at="2024-03-21T15:00:10 IST" duration-ms="362" status="PASS">
          <reporter-output>
            <line>
              <![CDATA[User is able to close the demoWebShop]]>
            </line>
          </reporter-output>
        </test-method> <!-- ToQuitBrowser -->
        <test-method is-config="true" signature="afterSuite()[pri:0, instance:workingWithPOM.program2@6cd28fa7]" started-at="2024-03-21T15:00:10 IST" name="afterSuite" finished-at="2024-03-21T15:00:10 IST" duration-ms="0" status="PASS">
          <reporter-output>
            <line>
              <![CDATA[DataBAse connection Stop]]>
            </line>
          </reporter-output>
        </test-method> <!-- afterSuite -->
      </class> <!-- workingWithPOM.program2 -->
    </test> <!-- Default test -->
  </suite> <!-- Default suite -->
</testng-results>
